Arguments: 
  C:\Program Files\nodejs\node.exe C:\Users\onyex\AppData\Roaming\npm\node_modules\yarn\bin\yarn.js add @mui/material @emotion/react

PATH: 
  C:\Program Files\Git\mingw64\bin;C:\Program Files\Git\usr\bin;C:\Users\onyex\bin;C:\Program Files (x86)\VMware\VMware Workstation\bin;C:\Python311\Scripts;C:\Python311;C:\WINDOWS\system32;C:\WINDOWS;C:\WINDOWS\System32\Wbem;C:\WINDOWS\System32\WindowsPowerShell\v1.0;C:\WINDOWS\System32\OpenSSH;C:\Program Files\Git\cmd;C:\Program Files\nodejs;C:\ProgramData\chocolatey\bin;C:\HashiCorp\Vagrant\bin;C:\Users\onyex\AppData\Local\Microsoft\WindowsApps;C:\Users\onyex\AppData\Local\Programs\Microsoft VS Code\bin;C:\Users\onyex\AppData\Roaming\npm;C:\Program Files\MongoDB\Server\6.0\bin

Yarn version: 
  1.22.19

Node version: 
  18.16.0

Platform: 
  win32 x64

Trace: 
  Error: read ECONNRESET
      at TLSWrap.onStreamRead (node:internal/stream_base_commons:217:20)

npm manifest: 
  {
    "name": "devkenecodes",
    "version": "1.0.0",
    "description": "",
    "main": "index.js",
    "scripts": {
      "test": "echo \"Error: no test specified\" && exit 1",
      "start": "parcel index.html --open"
    },
    "keywords": [],
    "author": "",
    "license": "ISC",
    "devDependencies": {
      "parcel-bundler": "^1.12.5"
    },
    "dependencies": {
      "react": "^18.2.0",
      "react-dom": "^18.2.0",
      "react-router-dom": "^6.14.0"
    }
  }

yarn manifest: 
  No manifest

Lockfile: 
  No lockfile
